# JRE version: Java(TM) SE Runtime Environment (8.0_131-b11) (build 1.8.0_131-b11)
# Java VM: Java HotSpot(TM) 64-Bit Server VM (25.131-b11 mixed mode windows-amd64 compressed oops)
Heap:
 def new generation   total 7424K, used 737K [0x00000000e8000000, 0x00000000e8800000, 0x00000000f0000000)
  eden space 6656K,  10% used [0x00000000e8000000, 0x00000000e80b64f0, 0x00000000e8680000)
  from space 768K,   1% used [0x00000000e8680000, 0x00000000e8682040, 0x00000000e8740000)
  to   space 768K,   0% used [0x00000000e8740000, 0x00000000e8740000, 0x00000000e8800000)
 tenured generation   total 16384K, used 1422K [0x00000000f0000000, 0x00000000f1000000, 0x0000000100000000)
   the space 16384K,   8% used [0x00000000f0000000, 0x00000000f0163af8, 0x00000000f0163c00, 0x00000000f1000000)
 Metaspace       used 9750K, capacity 9906K, committed 10240K, reserved 1058816K
  class space    used 1117K, capacity 1189K, committed 1280K, reserved 1048576K
GC Heap History (10 events):
Event: 2759.700 GC heap before
{Heap before GC invocations=5 (full 0):
 def new generation   total 7424K, used 6663K [0x00000000e8000000, 0x00000000e8800000, 0x00000000f0000000)
  eden space 6656K, 100% used [0x00000000e8000000, 0x00000000e8680000, 0x00000000e8680000)
  from space 768K,   1% used [0x00000000e8740000, 0x00000000e8741fd0, 0x00000000e8800000)
  to   space 768K,   0% used [0x00000000e8680000, 0x00000000e8680000, 0x00000000e8740000)
 tenured generation   total 16384K, used 1422K [0x00000000f0000000, 0x00000000f1000000, 0x0000000100000000)
   the space 16384K,   8% used [0x00000000f0000000, 0x00000000f0163af8, 0x00000000f0163c00, 0x00000000f1000000)
 Metaspace       used 9740K, capacity 9906K, committed 10240K, reserved 1058816K
  class space    used 1117K, capacity 1189K, committed 1280K, reserved 1048576K
Event: 2759.757 GC heap after
Heap after GC invocations=6 (full 0):
 def new generation   total 7424K, used 8K [0x00000000e8000000, 0x00000000e8800000, 0x00000000f0000000)
  eden space 6656K,   0% used [0x00000000e8000000, 0x00000000e8000000, 0x00000000e8680000)
  from space 768K,   1% used [0x00000000e8680000, 0x00000000e8682038, 0x00000000e8740000)
  to   space 768K,   0% used [0x00000000e8740000, 0x00000000e8740000, 0x00000000e8800000)
 tenured generation   total 16384K, used 1422K [0x00000000f0000000, 0x00000000f1000000, 0x0000000100000000)
   the space 16384K,   8% used [0x00000000f0000000, 0x00000000f0163af8, 0x00000000f0163c00, 0x00000000f1000000)
 Metaspace       used 9740K, capacity 9906K, committed 10240K, reserved 1058816K
  class space    used 1117K, capacity 1189K, committed 1280K, reserved 1048576K
}
Event: 3329.038 GC heap before
{Heap before GC invocations=6 (full 0):
 def new generation   total 7424K, used 6664K [0x00000000e8000000, 0x00000000e8800000, 0x00000000f0000000)
  eden space 6656K, 100% used [0x00000000e8000000, 0x00000000e8680000, 0x00000000e8680000)
  from space 768K,   1% used [0x00000000e8680000, 0x00000000e8682038, 0x00000000e8740000)
  to   space 768K,   0% used [0x00000000e8740000, 0x00000000e8740000, 0x00000000e8800000)
 tenured generation   total 16384K, used 1422K [0x00000000f0000000, 0x00000000f1000000, 0x0000000100000000)
   the space 16384K,   8% used [0x00000000f0000000, 0x00000000f0163af8, 0x00000000f0163c00, 0x00000000f1000000)
 Metaspace       used 9750K, capacity 9906K, committed 10240K, reserved 1058816K
  class space    used 1117K, capacity 1189K, committed 1280K, reserved 1048576K
Event: 3329.106 GC heap after
Heap after GC invocations=7 (full 0):
 def new generation   total 7424K, used 8K [0x00000000e8000000, 0x00000000e8800000, 0x00000000f0000000)
  eden space 6656K,   0% used [0x00000000e8000000, 0x00000000e8000000, 0x00000000e8680000)
  from space 768K,   1% used [0x00000000e8740000, 0x00000000e8742000, 0x00000000e8800000)
  to   space 768K,   0% used [0x00000000e8680000, 0x00000000e8680000, 0x00000000e8740000)
 tenured generation   total 16384K, used 1422K [0x00000000f0000000, 0x00000000f1000000, 0x0000000100000000)
   the space 16384K,   8% used [0x00000000f0000000, 0x00000000f0163af8, 0x00000000f0163c00, 0x00000000f1000000)
 Metaspace       used 9750K, capacity 9906K, committed 10240K, reserved 1058816K
  class space    used 1117K, capacity 1189K, committed 1280K, reserved 1048576K
}
Event: 3878.127 GC heap before
{Heap before GC invocations=7 (full 0):
 def new generation   total 7424K, used 6664K [0x00000000e8000000, 0x00000000e8800000, 0x00000000f0000000)
  eden space 6656K, 100% used [0x00000000e8000000, 0x00000000e8680000, 0x00000000e8680000)
  from space 768K,   1% used [0x00000000e8740000, 0x00000000e8742000, 0x00000000e8800000)
  to   space 768K,   0% used [0x00000000e8680000, 0x00000000e8680000, 0x00000000e8740000)
 tenured generation   total 16384K, used 1422K [0x00000000f0000000, 0x00000000f1000000, 0x0000000100000000)
   the space 16384K,   8% used [0x00000000f0000000, 0x00000000f0163af8, 0x00000000f0163c00, 0x00000000f1000000)
 Metaspace       used 9750K, capacity 9906K, committed 10240K, reserved 1058816K
  class space    used 1117K, capacity 1189K, committed 1280K, reserved 1048576K
Event: 3878.222 GC heap after
Heap after GC invocations=8 (full 0):
 def new generation   total 7424K, used 8K [0x00000000e8000000, 0x00000000e8800000, 0x00000000f0000000)
  eden space 6656K,   0% used [0x00000000e8000000, 0x00000000e8000000, 0x00000000e8680000)
  from space 768K,   1% used [0x00000000e8680000, 0x00000000e8682040, 0x00000000e8740000)
  to   space 768K,   0% used [0x00000000e8740000, 0x00000000e8740000, 0x00000000e8800000)
 tenured generation   total 16384K, used 1422K [0x00000000f0000000, 0x00000000f1000000, 0x0000000100000000)
   the space 16384K,   8% used [0x00000000f0000000, 0x00000000f0163af8, 0x00000000f0163c00, 0x00000000f1000000)
 Metaspace       used 9750K, capacity 9906K, committed 10240K, reserved 1058816K
  class space    used 1117K, capacity 1189K, committed 1280K, reserved 1048576K
}
Event: 4450.761 GC heap before
{Heap before GC invocations=8 (full 0):
 def new generation   total 7424K, used 6664K [0x00000000e8000000, 0x00000000e8800000, 0x00000000f0000000)
  eden space 6656K, 100% used [0x00000000e8000000, 0x00000000e8680000, 0x00000000e8680000)
  from space 768K,   1% used [0x00000000e8680000, 0x00000000e8682040, 0x00000000e8740000)
  to   space 768K,   0% used [0x00000000e8740000, 0x00000000e8740000, 0x00000000e8800000)
 tenured generation   total 16384K, used 1422K [0x00000000f0000000, 0x00000000f1000000, 0x0000000100000000)
   the space 16384K,   8% used [0x00000000f0000000, 0x00000000f0163af8, 0x00000000f0163c00, 0x00000000f1000000)
 Metaspace       used 9750K, capacity 9906K, committed 10240K, reserved 1058816K
  class space    used 1117K, capacity 1189K, committed 1280K, reserved 1048576K
Event: 4450.875 GC heap after
Heap after GC invocations=9 (full 0):
 def new generation   total 7424K, used 8K [0x00000000e8000000, 0x00000000e8800000, 0x00000000f0000000)
  eden space 6656K,   0% used [0x00000000e8000000, 0x00000000e8000000, 0x00000000e8680000)
  from space 768K,   1% used [0x00000000e8740000, 0x00000000e8742040, 0x00000000e8800000)
  to   space 768K,   0% used [0x00000000e8680000, 0x00000000e8680000, 0x00000000e8740000)
 tenured generation   total 16384K, used 1422K [0x00000000f0000000, 0x00000000f1000000, 0x0000000100000000)
   the space 16384K,   8% used [0x00000000f0000000, 0x00000000f0163af8, 0x00000000f0163c00, 0x00000000f1000000)
 Metaspace       used 9750K, capacity 9906K, committed 10240K, reserved 1058816K
  class space    used 1117K, capacity 1189K, committed 1280K, reserved 1048576K
}
Event: 5023.641 GC heap before
{Heap before GC invocations=9 (full 0):
 def new generation   total 7424K, used 6664K [0x00000000e8000000, 0x00000000e8800000, 0x00000000f0000000)
  eden space 6656K, 100% used [0x00000000e8000000, 0x00000000e8680000, 0x00000000e8680000)
  from space 768K,   1% used [0x00000000e8740000, 0x00000000e8742040, 0x00000000e8800000)
  to   space 768K,   0% used [0x00000000e8680000, 0x00000000e8680000, 0x00000000e8740000)
 tenured generation   total 16384K, used 1422K [0x00000000f0000000, 0x00000000f1000000, 0x0000000100000000)
   the space 16384K,   8% used [0x00000000f0000000, 0x00000000f0163af8, 0x00000000f0163c00, 0x00000000f1000000)
 Metaspace       used 9750K, capacity 9906K, committed 10240K, reserved 1058816K
  class space    used 1117K, capacity 1189K, committed 1280K, reserved 1048576K
Event: 5023.761 GC heap after
Heap after GC invocations=10 (full 0):
 def new generation   total 7424K, used 8K [0x00000000e8000000, 0x00000000e8800000, 0x00000000f0000000)
  eden space 6656K,   0% used [0x00000000e8000000, 0x00000000e8000000, 0x00000000e8680000)
  from space 768K,   1% used [0x00000000e8680000, 0x00000000e8682040, 0x00000000e8740000)
  to   space 768K,   0% used [0x00000000e8740000, 0x00000000e8740000, 0x00000000e8800000)
 tenured generation   total 16384K, used 1422K [0x00000000f0000000, 0x00000000f1000000, 0x0000000100000000)
   the space 16384K,   8% used [0x00000000f0000000, 0x00000000f0163af8, 0x00000000f0163c00, 0x00000000f1000000)
 Metaspace       used 9750K, capacity 9906K, committed 10240K, reserved 1058816K
  class space    used 1117K, capacity 1189K, committed 1280K, reserved 1048576K
}

